#
# A fatal error has been detected by the Java Runtime Environment:
#
#  EXCEPTION_ACCESS_VIOLATION (0xc0000005) at pc=0x6d99a27e, pid=5808, tid=756
#
# JRE version: 6.0_24-b07
# Java VM: Java HotSpot(TM) Client VM (19.1-b02 mixed mode, sharing windows-x86 )
# Problematic frame:
# V  [jvm.dll+0xfa27e]
#
# If you would like to submit a bug report, please visit:
#   http://java.sun.com/webapps/bugreport/crash.jsp
#

---------------  T H R E A D  ---------------

Current thread (0x024dd000):  JavaThread "Java2D Disposer" daemon [_thread_in_vm, id=756, stack(0x04e60000,0x04eb0000)]

siginfo: ExceptionCode=0xc0000005, reading address 0x00000000

Registers:
EAX=0x024704d8, EBX=0x00000000, ECX=0x00000000, EDX=0x04eafac0
ESP=0x04eafab0, EBP=0x04eafb44, ESI=0x024dd000, EDI=0x0249cc38
EIP=0x6d99a27e, EFLAGS=0x00010202

Register to memory mapping:

EAX=0x024704d8
0x024704d8 is pointing to unknown location

EBX=0x00000000
0x00000000 is pointing to unknown location

ECX=0x00000000
0x00000000 is pointing to unknown location

EDX=0x04eafac0
0x04eafac0 is pointing into the stack for thread: 0x024dd000
"Java2D Disposer" daemon prio=10 tid=0x024dd000 nid=0x2f4 runnable [0x04eaf000]
   java.lang.Thread.State: RUNNABLE

ESP=0x04eafab0
0x04eafab0 is pointing into the stack for thread: 0x024dd000
"Java2D Disposer" daemon prio=10 tid=0x024dd000 nid=0x2f4 runnable [0x04eaf000]
   java.lang.Thread.State: RUNNABLE

EBP=0x04eafb44
0x04eafb44 is pointing into the stack for thread: 0x024dd000
"Java2D Disposer" daemon prio=10 tid=0x024dd000 nid=0x2f4 runnable [0x04eaf000]
   java.lang.Thread.State: RUNNABLE

ESI=0x024dd000
"Java2D Disposer" daemon prio=10 tid=0x024dd000 nid=0x2f4 runnable [0x04eaf000]
   java.lang.Thread.State: RUNNABLE

EDI=0x0249cc38
0x0249cc38 is pointing to unknown location


Top of Stack: (sp=0x04eafab0)
0x04eafab0:   02462ac0 024dd118 024dd000 38ca6b00
0x04eafac0:   024704d8 6da536ec 024dd000 000014dd
0x04eafad0:   0000002b 001e70d0 6d94d162 000014dd
0x04eafae0:   024701d4 04eafc00 6da120f4 04eafac0
0x04eafaf0:   04eafae1 00000001 00000008 024dd000
0x04eafb00:   6db1c254 00000000 024704e0 6da13bf6
0x04eafb10:   04eafb40 6d8a1086 024dd000 02462798
0x04eafb20:   024dd000 024dd118 04eafb1c 0246fca8 

Instructions: (pc=0x6d99a27e)
0x6d99a26e:   b0 8b 55 a8 8b 45 f4 89 04 8a ff 45 b0 8b 5d fc
0x6d99a27e:   8b 03 8b 48 08 0f b7 51 2a 8b 40 0c 8b 4c 90 24 


Stack: [0x04e60000,0x04eb0000],  sp=0x04eafab0,  free space=318k
Native frames: (J=compiled Java code, j=interpreted, Vv=VM code, C=native code)
V  [jvm.dll+0xfa27e]
V  [jvm.dll+0xfd0c7]
C  [awt.dll+0x6c7cc]
j  java.awt.Cursor.finalizeImpl(J)V+0
j  java.awt.Cursor.access$000(J)V+1
j  java.awt.Cursor$CursorDisposer.dispose()V+13
j  sun.java2d.Disposer.run()V+26
j  java.lang.Thread.run()V+11
v  ~StubRoutines::call_stub
V  [jvm.dll+0xf0ab9]
V  [jvm.dll+0x1837d1]
V  [jvm.dll+0xf0c61]
V  [jvm.dll+0xf0cbb]
V  [jvm.dll+0x11b4b9]
V  [jvm.dll+0x1e4624]
V  [jvm.dll+0x18317c]
C  [msvcr71.dll+0x9565]
C  [kernel32.dll+0x13677]
C  [ntdll.dll+0x39f02]
C  [ntdll.dll+0x39ed5]

Java frames: (J=compiled Java code, j=interpreted, Vv=VM code)
j  java.awt.Cursor.finalizeImpl(J)V+0
j  java.awt.Cursor.access$000(J)V+1
j  java.awt.Cursor$CursorDisposer.dispose()V+13
j  sun.java2d.Disposer.run()V+26
j  java.lang.Thread.run()V+11
v  ~StubRoutines::call_stub

---------------  P R O C E S S  ---------------

Java Threads: ( => current thread )
  0x024ad800 JavaThread "AWT-Shutdown" [_thread_blocked, id=3164, stack(0x065c0000,0x06610000)]
  0x04a42000 JavaThread "Thread-1" daemon [_thread_in_native, id=2368, stack(0x04ef0000,0x04f40000)]
  0x04b7c400 JavaThread "TimerQueue" daemon [_thread_blocked, id=4840, stack(0x06530000,0x06580000)]
  0x001e9400 JavaThread "DestroyJavaVM" [_thread_blocked, id=4612, stack(0x00430000,0x00480000)]
=>0x024dd000 JavaThread "Java2D Disposer" daemon [_thread_in_vm, id=756, stack(0x04e60000,0x04eb0000)]
  0x0246e400 JavaThread "Low Memory Detector" daemon [_thread_blocked, id=5572, stack(0x04930000,0x04980000)]
  0x0246a000 JavaThread "CompilerThread0" daemon [_thread_blocked, id=2508, stack(0x048a0000,0x048f0000)]
  0x02469000 JavaThread "Attach Listener" daemon [_thread_blocked, id=4860, stack(0x04810000,0x04860000)]
  0x02465800 JavaThread "Signal Dispatcher" daemon [_thread_blocked, id=2140, stack(0x04780000,0x047d0000)]
  0x0245b000 JavaThread "Finalizer" daemon [_thread_blocked, id=3548, stack(0x046f0000,0x04740000)]
  0x02459c00 JavaThread "Reference Handler" daemon [_thread_blocked, id=3472, stack(0x04660000,0x046b0000)]

Other Threads:
  0x0241e000 VMThread [stack: 0x045d0000,0x04620000] [id=1876]
  0x02480800 WatcherThread [stack: 0x049c0000,0x04a10000] [id=5776]

VM state:not at safepoint (normal execution)

VM Mutex/Monitor currently owned by a thread: None

Heap
 def new generation   total 4928K, used 777K [0x24170000, 0x246c0000, 0x296c0000)
  eden space 4416K,   6% used [0x24170000, 0x241b2470, 0x245c0000)
  from space 512K, 100% used [0x24640000, 0x246c0000, 0x246c0000)
  to   space 512K,   0% used [0x245c0000, 0x245c0000, 0x24640000)
 tenured generation   total 10944K, used 1469K [0x296c0000, 0x2a170000, 0x34170000)
   the space 10944K,  13% used [0x296c0000, 0x2982f5a8, 0x2982f600, 0x2a170000)
 compacting perm gen  total 12288K, used 456K [0x34170000, 0x34d70000, 0x38170000)
   the space 12288K,   3% used [0x34170000, 0x341e2320, 0x341e2400, 0x34d70000)
    ro space 10240K,  54% used [0x38170000, 0x386ed9f8, 0x386eda00, 0x38b70000)
    rw space 12288K,  55% used [0x38b70000, 0x392113f8, 0x39211400, 0x39770000)

Dynamic libraries:
0x00400000 - 0x00424000 	C:\Program Files (x86)\Java\jdk1.6.0_24\bin\java.exe
0x773d0000 - 0x77550000 	C:\Windows\SysWOW64\ntdll.dll
0x75080000 - 0x75180000 	C:\Windows\syswow64\kernel32.dll
0x76870000 - 0x768b6000 	C:\Windows\syswow64\KERNELBASE.dll
0x766b0000 - 0x76750000 	C:\Windows\syswow64\ADVAPI32.dll
0x75190000 - 0x7523c000 	C:\Windows\syswow64\msvcrt.dll
0x74dc0000 - 0x74dd9000 	C:\Windows\SysWOW64\sechost.dll
0x76900000 - 0x769f0000 	C:\Windows\syswow64\RPCRT4.dll
0x74ad0000 - 0x74b30000 	C:\Windows\syswow64\SspiCli.dll
0x74ac0000 - 0x74acc000 	C:\Windows\syswow64\CRYPTBASE.dll
0x7c340000 - 0x7c396000 	C:\Program Files (x86)\Java\jdk1.6.0_24\jre\bin\msvcr71.dll
0x6d8a0000 - 0x6db46000 	C:\Program Files (x86)\Java\jdk1.6.0_24\jre\bin\client\jvm.dll
0x764c0000 - 0x765c0000 	C:\Windows\syswow64\USER32.dll
0x74b30000 - 0x74bc0000 	C:\Windows\syswow64\GDI32.dll
0x773a0000 - 0x773aa000 	C:\Windows\syswow64\LPK.dll
0x75310000 - 0x753ad000 	C:\Windows\syswow64\USP10.dll
0x742b0000 - 0x742e2000 	C:\Windows\system32\WINMM.dll
0x753b0000 - 0x75410000 	C:\Windows\system32\IMM32.DLL
0x75240000 - 0x7530c000 	C:\Windows\syswow64\MSCTF.dll
0x72510000 - 0x7255b000 	C:\Windows\system32\apphelp.dll
0x6d850000 - 0x6d85c000 	C:\Program Files (x86)\Java\jdk1.6.0_24\jre\bin\verify.dll
0x6d3d0000 - 0x6d3ef000 	C:\Program Files (x86)\Java\jdk1.6.0_24\jre\bin\java.dll
0x6d330000 - 0x6d338000 	C:\Program Files (x86)\Java\jdk1.6.0_24\jre\bin\hpi.dll
0x75180000 - 0x75185000 	C:\Windows\syswow64\PSAPI.DLL
0x6d890000 - 0x6d89f000 	C:\Program Files (x86)\Java\jdk1.6.0_24\jre\bin\zip.dll
0x6d0b0000 - 0x6d1fa000 	C:\Program Files (x86)\Java\jdk1.6.0_24\jre\bin\awt.dll
0x74330000 - 0x74381000 	C:\Windows\system32\WINSPOOL.DRV
0x75430000 - 0x7558c000 	C:\Windows\syswow64\ole32.dll
0x74520000 - 0x746be000 	C:\Windows\WinSxS\x86_microsoft.windows.common-controls_6595b64144ccf1df_6.0.7600.16661_none_420fe3fa2b8113bd\COMCTL32.dll
0x76650000 - 0x766a7000 	C:\Windows\syswow64\SHLWAPI.dll
0x73c20000 - 0x73c33000 	C:\Windows\system32\DWMAPI.DLL
0x74230000 - 0x742b0000 	C:\Windows\system32\uxtheme.dll
0x726b0000 - 0x72708000 	C:\Program Files (x86)\Common Files\microsoft shared\ink\tiptsf.dll
0x765c0000 - 0x7664f000 	C:\Windows\syswow64\OLEAUT32.dll
0x72500000 - 0x72509000 	C:\Windows\system32\version.dll
0x6d2e0000 - 0x6d32f000 	C:\Program Files (x86)\Java\jdk1.6.0_24\jre\bin\fontmanager.dll
0x75590000 - 0x761d9000 	C:\Windows\syswow64\shell32.dll
0x6d6b0000 - 0x6d6c3000 	C:\Program Files (x86)\Java\jdk1.6.0_24\jre\bin\net.dll
0x768c0000 - 0x768f5000 	C:\Windows\syswow64\WS2_32.dll
0x763b0000 - 0x763b6000 	C:\Windows\syswow64\NSI.dll
0x72ad0000 - 0x72b0c000 	C:\Windows\system32\mswsock.dll
0x73580000 - 0x73586000 	C:\Windows\System32\wship6.dll
0x6d6d0000 - 0x6d6d9000 	C:\Program Files (x86)\Java\jdk1.6.0_24\jre\bin\nio.dll
0x10000000 - 0x10008000 	C:\Program Files (x86)\Internet Download Manager\idmmkb.dll
0x74ee0000 - 0x74f63000 	C:\Windows\syswow64\CLBCatQ.DLL
0x73df0000 - 0x73e2c000 	C:\Windows\system32\oleacc.dll

VM Arguments:
jvm_args: -Dfile.encoding=UTF-8 
java_command: ClasesVentanas.ControlVentanas
Launcher Type: SUN_STANDARD

Environment Variables:
PATH=C:\Program Files\Common Files\Microsoft Shared\Windows Live;C:\Program Files (x86)\Common Files\Microsoft Shared\Windows Live;C:\Windows\system32;C:\Windows;C:\Windows\System32\Wbem;C:\Windows\System32\WindowsPowerShell\v1.0\;C:\Program Files\Dell\DW WLAN Card;C:\Program Files\WIDCOMM\Bluetooth Software\;C:\Program Files\WIDCOMM\Bluetooth Software\syswow64;C:\Program Files (x86)\Windows Live\Shared;C:\Program Files (x86)\IVI Foundation\VISA\WinNT\Bin;C:\Program Files\Java\jdk1.6.0_26\bin
USERNAME=NIGHTMARE
OS=Windows_NT
PROCESSOR_IDENTIFIER=Intel64 Family 6 Model 37 Stepping 5, GenuineIntel



---------------  S Y S T E M  ---------------

OS: Windows 7 Build 7600 

CPU:total 4 (2 cores per cpu, 2 threads per core) family 6 model 37 stepping 5, cmov, cx8, fxsr, mmx, sse, sse2, sse3, ssse3, sse4.1, sse4.2, popcnt, ht

Memory: 4k page, physical 3988160k(1359808k free), swap 11154260k(7976268k free)

vm_info: Java HotSpot(TM) Client VM (19.1-b02) for windows-x86 JRE (1.6.0_24-b07), built on Feb  2 2011 17:44:41 by "java_re" with MS VC++ 7.1 (VS2003)

time: Wed Nov 30 00:48:27 2011
elapsed time: 6 seconds

